<?xml version="1.0" encoding="UTF-8"?>
<testng-results skipped="0" failed="0" ignored="0" total="1" passed="1">
  <reporter-output>
  </reporter-output>
  <suite name="Default suite" duration-ms="3814" started-at="2022-11-01T19:34:32 IST" finished-at="2022-11-01T19:34:36 IST">
    <groups>
    </groups>
    <test name="Default test" duration-ms="3814" started-at="2022-11-01T19:34:32 IST" finished-at="2022-11-01T19:34:36 IST">
      <class name="seleniumBasics.RemoveWebDriverDriverEqualsChromedriverExample">
        <test-method status="PASS" signature="f()[pri:0, instance:seleniumBasics.RemoveWebDriverDriverEqualsChromedriverExample@305fd85d]" name="f" duration-ms="3783" started-at="2022-11-01T19:34:32 IST" finished-at="2022-11-01T19:34:36 IST">
          <reporter-output>
          </reporter-output>
        </test-method> <!-- f -->
      </class> <!-- seleniumBasics.RemoveWebDriverDriverEqualsChromedriverExample -->
    </test> <!-- Default test -->
  </suite> <!-- Default suite -->
</testng-results>
